mode: set
github.com/cedi/fsm/fsm.go:23.39,25.2 1 1
github.com/cedi/fsm/fsm.go:45.75,47.2 1 1
github.com/cedi/fsm/fsm.go:49.45,51.2 1 1
github.com/cedi/fsm/fsm.go:53.38,55.2 1 1
github.com/cedi/fsm/fsm.go:57.36,59.2 1 1
github.com/cedi/fsm/fsm.go:73.42,75.2 1 0
github.com/cedi/fsm/fsm.go:77.45,79.2 1 1
github.com/cedi/fsm/fsm.go:81.45,89.2 1 1
github.com/cedi/fsm/fsm.go:91.49,92.22 1 1
github.com/cedi/fsm/fsm.go:96.2,97.12 2 1
github.com/cedi/fsm/fsm.go:92.22,94.3 1 0
github.com/cedi/fsm/fsm.go:100.31,102.2 1 1
github.com/cedi/fsm/fsm.go:104.23,109.6 4 1
github.com/cedi/fsm/fsm.go:109.6,111.32 2 1
github.com/cedi/fsm/fsm.go:129.3,129.74 1 1
github.com/cedi/fsm/fsm.go:140.3,140.14 1 1
github.com/cedi/fsm/fsm.go:149.3,153.18 4 1
github.com/cedi/fsm/fsm.go:111.32,112.15 1 1
github.com/cedi/fsm/fsm.go:121.4,126.9 4 1
github.com/cedi/fsm/fsm.go:112.15,119.5 1 0
github.com/cedi/fsm/fsm.go:129.74,130.15 1 0
github.com/cedi/fsm/fsm.go:130.15,137.5 1 0
github.com/cedi/fsm/fsm.go:140.14,147.4 1 0
github.com/cedi/fsm/fsm_rules.go:9.67,11.9 2 1
github.com/cedi/fsm/fsm_rules.go:18.2,19.8 2 1
github.com/cedi/fsm/fsm_rules.go:27.2,27.21 1 1
github.com/cedi/fsm/fsm_rules.go:11.9,16.3 1 1
github.com/cedi/fsm/fsm_rules.go:19.8,24.3 1 1
github.com/cedi/fsm/fsm_rules.go:31.58,33.14 2 1
github.com/cedi/fsm/fsm_rules.go:36.2,37.25 2 1
github.com/cedi/fsm/fsm_rules.go:33.14,35.3 1 1
github.com/cedi/fsm/fsm_rules.go:41.44,46.2 1 1
github.com/cedi/fsm/fsm_rules.go:48.34,50.2 1 1
github.com/cedi/fsm/fsm_rules.go:52.34,54.2 1 1
